<?xml version="1.0" encoding="utf-8"?><testsuites name="pytest tests"><testsuite name="pytest" errors="0" failures="0" skipped="0" tests="18" time="11.456" timestamp="2026-08-20T15:30:44.766019+00:00" hostname="agent-env-b6f3528e-c7a6-4ccc-a7ca-51e71459427f"><testcase classname="tests.test_iteration10_auth.TestRegister" name="test_register_success_returns_user_and_verification_flag" time="0.479" /><testcase classname="tests.test_iteration10_auth.TestRegister" name="test_register_duplicate_email_returns_409" time="0.395" /><testcase classname="tests.test_iteration10_auth.TestRegister" name="test_register_short_password_422" time="0.077" /><testcase classname="tests.test_iteration10_auth.TestRegister" name="test_register_invalid_email_422" time="0.118" /><testcase classname="tests.test_iteration10_auth.TestRegister" name="test_register_missing_fields_422" time="0.100" /><testcase classname="tests.test_iteration10_auth.TestVerify" name="test_verify_wrong_code_returns_400" time="0.402" /><testcase classname="tests.test_iteration10_auth.TestVerify" name="test_verify_success_issues_session" time="0.636" /><testcase classname="tests.test_iteration10_auth.TestVerify" name="test_verify_five_wrong_attempts_locks_code" time="1.163" /><testcase classname="tests.test_iteration10_auth.TestResendCode" name="test_resend_unknown_email_ok_true" time="0.105" /><testcase classname="tests.test_iteration10_auth.TestResendCode" name="test_resend_within_cooldown_still_ok" time="0.381" /><testcase classname="tests.test_iteration10_auth.TestLogin" name="test_login_unverified_returns_403" time="0.550" /><testcase classname="tests.test_iteration10_auth.TestLogin" name="test_login_wrong_password_returns_401" time="0.911" /><testcase classname="tests.test_iteration10_auth.TestLogin" name="test_login_verified_returns_session" time="1.225" /><testcase classname="tests.test_iteration10_auth.TestLogin" name="test_login_five_bad_attempts_locks_out_429" time="2.018" /><testcase classname="tests.test_iteration10_auth.TestForgotReset" name="test_forgot_unknown_email_ok" time="0.100" /><testcase classname="tests.test_iteration10_auth.TestForgotReset" name="test_reset_flow_end_to_end" time="1.324" /><testcase classname="tests.test_iteration10_auth.TestMeLogoutAndBookmark" name="test_me_without_token_401" time="0.123" /><testcase classname="tests.test_iteration10_auth.TestMeLogoutAndBookmark" name="test_logout_invalidates_token_and_bookmark_uses_new_session" time="1.175" /></testsuite></testsuites>