<?xml version="1.0" encoding="utf-8"?><testsuites name="pytest tests"><testsuite name="pytest" errors="0" failures="0" skipped="0" tests="8" time="1.849" timestamp="2026-08-20T13:24:14.001841+00:00" hostname="agent-env-b6f3528e-c7a6-4ccc-a7ca-51e71459427f"><testcase classname="tests.test_iteration7_author_and_videos.TestBooksAuthor" name="test_books_list_all_have_freeman_linde_author" time="0.184" /><testcase classname="tests.test_iteration7_author_and_videos.TestRegressions" name="test_home_feed_disjoint_rails" time="0.212" /><testcase classname="tests.test_iteration7_author_and_videos.TestBooksAuthor" name="test_book_3d_retirement_income_author" time="0.095" /><testcase classname="tests.test_iteration7_author_and_videos.TestRegressions" name="test_latest_modified" time="0.130" /><testcase classname="tests.test_iteration7_author_and_videos.TestBooksAuthor" name="test_book_tax_saving_strategies_author" time="0.047" /><testcase classname="tests.test_iteration7_author_and_videos.TestVideosContentHtml" name="test_videos_have_youtube_content_html" time="1.164" /><testcase classname="tests.test_iteration7_author_and_videos.TestRegressions" name="test_admin_leads_no_key_401" time="0.090" /><testcase classname="tests.test_iteration7_author_and_videos.TestRegressions" name="test_admin_leads_correct_key_200" time="0.113" /></testsuite></testsuites>