<?xml version="1.0" encoding="utf-8"?><testsuites name="pytest tests"><testsuite name="pytest" errors="0" failures="0" skipped="0" tests="9" time="3.794" timestamp="2026-08-21T13:09:01.788213+00:00" hostname="agent-env-b6f3528e-c7a6-4ccc-a7ca-51e71459427f"><testcase classname="tests.test_iteration11_search_count.TestPostsCount" name="test_count_search_roth" time="0.291" /><testcase classname="tests.test_iteration11_search_count.TestPostsCount" name="test_count_search_retirement_in_mindset" time="0.076" /><testcase classname="tests.test_iteration11_search_count.TestPostsCount" name="test_count_all_posts" time="0.083" /><testcase classname="tests.test_iteration11_search_count.TestPostsCount" name="test_count_search_medicare" time="0.074" /><testcase classname="tests.test_iteration11_search_count.TestPostsCount" name="test_count_nomatch_returns_zero" time="2.568" /><testcase classname="tests.test_iteration11_search_count.TestPostsCount" name="test_count_cached_second_call_is_fast" time="0.213" /><testcase classname="tests.test_iteration11_search_count.TestSearchPosts" name="test_search_roth_page1_has_20_and_recent" time="0.149" /><testcase classname="tests.test_iteration11_search_count.TestSearchPosts" name="test_search_roth_page2_no_dupes" time="0.162" /><testcase classname="tests.test_iteration11_search_count.TestSearchPosts" name="test_search_roth_filtered_by_mindset" time="0.127" /></testsuite></testsuites>