<?xml version="1.0" encoding="utf-8"?><testsuites name="pytest tests"><testsuite name="pytest" errors="0" failures="0" skipped="0" tests="8" time="12.130" timestamp="2026-08-20T13:12:26.486665+00:00" hostname="agent-env-b6f3528e-c7a6-4ccc-a7ca-51e71459427f"><testcase classname="tests.test_iteration7_author_and_videos.TestBooksAuthor" name="test_books_list_all_have_freeman_linde_author" time="1.725" /><testcase classname="tests.test_iteration7_author_and_videos.TestRegressions" name="test_home_feed_disjoint_rails" time="11.392" /><testcase classname="tests.test_iteration7_author_and_videos.TestBooksAuthor" name="test_book_3d_retirement_income_author" time="0.043" /><testcase classname="tests.test_iteration7_author_and_videos.TestBooksAuthor" name="test_book_tax_saving_strategies_author" time="0.157" /><testcase classname="tests.test_iteration7_author_and_videos.TestVideosContentHtml" name="test_videos_have_youtube_content_html" time="4.678" /><testcase classname="tests.test_iteration7_author_and_videos.TestRegressions" name="test_latest_modified" time="0.144" /><testcase classname="tests.test_iteration7_author_and_videos.TestRegressions" name="test_admin_leads_no_key_401" time="0.115" /><testcase classname="tests.test_iteration7_author_and_videos.TestRegressions" name="test_admin_leads_correct_key_200" time="0.125" /></testsuite></testsuites>