<?xml version="1.0" encoding="utf-8"?><testsuites name="pytest tests"><testsuite name="pytest" errors="0" failures="0" skipped="0" tests="13" time="5.427" timestamp="2026-08-20T12:57:33.391238+00:00" hostname="agent-env-b6f3528e-c7a6-4ccc-a7ca-51e71459427f"><testcase classname="tests.test_iteration6_books_pdf.TestBookProgressAuthGuards" name="test_list_without_auth_returns_401" time="0.271" /><testcase classname="tests.test_iteration6_books_pdf.TestRegressions" name="test_books_count_is_two" time="0.329" /><testcase classname="tests.test_iteration6_books_pdf.TestBookProgressAuthGuards" name="test_single_without_auth_returns_401" time="0.121" /><testcase classname="tests.test_iteration6_books_pdf.TestRegressions" name="test_home_feed_has_hero_and_recommended" time="3.226" /><testcase classname="tests.test_iteration6_books_pdf.TestBookProgressAuthGuards" name="test_upsert_without_auth_returns_401" time="0.097" /><testcase classname="tests.test_iteration6_books_pdf.TestBookProgressAuthGuards" name="test_list_with_bad_bearer_returns_401" time="0.087" /><testcase classname="tests.test_iteration6_books_pdf.TestBooksPdfUrl" name="test_books_list_returns_two_and_all_have_pdf_url" time="0.127" /><testcase classname="tests.test_iteration6_books_pdf.TestBooksPdfUrl" name="test_book_3d_retirement_income_pdf_url_exact" time="0.039" /><testcase classname="tests.test_iteration6_books_pdf.TestRegressions" name="test_home_feed_exclude_ids_rotates_hero" time="0.130" /><testcase classname="tests.test_iteration6_books_pdf.TestRegressions" name="test_admin_leads_without_key_returns_401" time="0.071" /><testcase classname="tests.test_iteration6_books_pdf.TestRegressions" name="test_admin_leads_wrong_key_returns_401" time="0.108" /><testcase classname="tests.test_iteration6_books_pdf.TestRegressions" name="test_admin_leads_correct_key_returns_200" time="0.119" /><testcase classname="tests.test_iteration6_books_pdf.TestRegressions" name="test_latest_modified_returns_modified_and_id" time="1.082" /></testsuite></testsuites>