<?xml version="1.0" encoding="utf-8"?><testsuites name="pytest tests"><testsuite name="pytest" errors="0" failures="1" skipped="0" tests="7" time="14.639" timestamp="2026-08-21T13:00:25.062308+00:00" hostname="agent-env-b6f3528e-c7a6-4ccc-a7ca-51e71459427f"><testcase classname="tests.test_iteration11_search_count.TestPostsCount" name="test_count_search_roth" time="0.401" /><testcase classname="tests.test_iteration11_search_count.TestSearchPosts" name="test_search_roth_page1_has_20_and_recent" time="5.465" /><testcase classname="tests.test_iteration11_search_count.TestPostsCount" name="test_count_search_retirement_in_mindset" time="0.115" /><testcase classname="tests.test_iteration11_search_count.TestPostsCount" name="test_count_all_posts" time="0.120"><failure message="AssertionError: Expected all-posts total &gt;= 100, got 0&#10;assert 0 &gt;= 100">backend/tests/test_iteration11_search_count.py:71: in test_count_all_posts
    assert data["total"] &gt;= 100, f"Expected all-posts total &gt;= 100, got {data['total']}"
E   AssertionError: Expected all-posts total &gt;= 100, got 0
E   assert 0 &gt;= 100</failure></testcase><testcase classname="tests.test_iteration11_search_count.TestPostsCount" name="test_count_search_medicare" time="2.377" /><testcase classname="tests.test_iteration11_search_count.TestSearchPosts" name="test_search_roth_page2_no_dupes" time="3.200" /><testcase classname="tests.test_iteration11_search_count.TestSearchPosts" name="test_search_roth_filtered_by_mindset" time="5.590" /></testsuite></testsuites>