<?xml version="1.0" encoding="utf-8"?><testsuites name="pytest tests"><testsuite name="pytest" errors="0" failures="0" skipped="0" tests="17" time="7.451" timestamp="2026-08-20T14:55:06.834850+00:00" hostname="agent-env-b6f3528e-c7a6-4ccc-a7ca-51e71459427f"><testcase classname="tests.test_iteration9_bookmarks_history.TestBookmarks" name="test_add_all_four_kinds" time="0.455" /><testcase classname="tests.test_iteration9_bookmarks_history.TestBookmarks" name="test_list_returns_all_four_with_fields" time="0.103" /><testcase classname="tests.test_iteration9_bookmarks_history.TestBookmarks" name="test_list_sorted_desc_by_created_at" time="0.083" /><testcase classname="tests.test_iteration9_bookmarks_history.TestBookmarks" name="test_ids_endpoint_returns_strings" time="0.100" /><testcase classname="tests.test_iteration9_bookmarks_history.TestBookmarks" name="test_add_is_idempotent_upsert" time="0.198" /><testcase classname="tests.test_iteration9_bookmarks_history.TestBookmarks" name="test_delete_string_id_with_dashes" time="0.327" /><testcase classname="tests.test_iteration9_bookmarks_history.TestHistory" name="test_add_all_four_kinds" time="0.706" /><testcase classname="tests.test_iteration9_bookmarks_history.TestHistory" name="test_list_returns_all_and_preserves_progress" time="0.080" /><testcase classname="tests.test_iteration9_bookmarks_history.TestHistory" name="test_list_sorted_desc_by_updated_at" time="0.091" /><testcase classname="tests.test_iteration9_bookmarks_history.TestUnauthenticated" name="test_get_bookmarks_401" time="0.106" /><testcase classname="tests.test_iteration9_bookmarks_history.TestUnauthenticated" name="test_post_bookmarks_401" time="0.081" /><testcase classname="tests.test_iteration9_bookmarks_history.TestUnauthenticated" name="test_get_bookmark_ids_401" time="0.155" /><testcase classname="tests.test_iteration9_bookmarks_history.TestUnauthenticated" name="test_delete_bookmark_401" time="0.085" /><testcase classname="tests.test_iteration9_bookmarks_history.TestUnauthenticated" name="test_get_history_401" time="0.082" /><testcase classname="tests.test_iteration9_bookmarks_history.TestUnauthenticated" name="test_post_history_401" time="0.087" /><testcase classname="tests.test_iteration9_bookmarks_history.TestUnauthenticated" name="test_bad_bearer_token_401" time="0.117" /><testcase classname="tests.test_iteration9_bookmarks_history.TestPostIdMigration" name="test_int_post_id_migrates_to_string" time="4.437" /></testsuite></testsuites>