<?xml version="1.0" encoding="utf-8"?><testsuites name="pytest tests"><testsuite name="pytest" errors="0" failures="0" skipped="0" tests="11" time="5.245" timestamp="2026-08-25T18:59:54.335522+00:00" hostname="agent-env-b6f3528e-c7a6-4ccc-a7ca-51e71459427f"><testcase classname="tests.test_iteration13_video_id.TestVideosEndpoint" name="test_videos_returns_shape" time="1.483" /><testcase classname="tests.test_iteration13_video_id.TestVideosEndpoint" name="test_every_video_has_video_id_and_kind" time="3.224" /><testcase classname="tests.test_iteration13_video_id.TestKnownVideoPost" name="test_post_16163_has_expected_video_id" time="0.090" /><testcase classname="tests.test_iteration13_video_id.TestNonVideoPostsHaveNullFields" name="test_non_video_posts_have_null_video_fields" time="0.085" /><testcase classname="tests.test_iteration13_video_id.TestExtractorPatterns" name="test_extractor_url_variants[&lt;iframe src=&quot;https://www.youtube.com/embed/abcDEF12345&quot;&gt;&lt;/iframe&gt;-expected0]" time="0.303" /><testcase classname="tests.test_iteration13_video_id.TestExtractorPatterns" name="test_extractor_url_variants[&lt;a href=&quot;https://youtu.be/xyz789ABCDE&quot;&gt;watch&lt;/a&gt;-expected1]" time="0.000" /><testcase classname="tests.test_iteration13_video_id.TestExtractorPatterns" name="test_extractor_url_variants[&lt;a href=&quot;https://www.youtube.com/watch?v=pNxobWWrWys&amp;feature=share&quot;&gt;link&lt;/a&gt;-expected2]" time="0.000" /><testcase classname="tests.test_iteration13_video_id.TestExtractorPatterns" name="test_extractor_url_variants[&lt;iframe src=&quot;https://www.youtube-nocookie.com/embed/QRstuVWX_-1&quot;&gt;&lt;/iframe&gt;-expected3]" time="0.000" /><testcase classname="tests.test_iteration13_video_id.TestExtractorPatterns" name="test_extractor_url_variants[&lt;iframe src=&quot;https://player.vimeo.com/video/76543210&quot;&gt;&lt;/iframe&gt;-expected4]" time="0.000" /><testcase classname="tests.test_iteration13_video_id.TestExtractorPatterns" name="test_extractor_url_variants[&lt;p&gt;Just text, no video here.&lt;/p&gt;-expected5]" time="0.000" /><testcase classname="tests.test_iteration13_video_id.TestExtractorPatterns" name="test_extractor_url_variants[-expected6]" time="0.001" /></testsuite></testsuites>