<?xml version="1.0" encoding="utf-8"?><testsuites name="pytest tests"><testsuite name="pytest" errors="0" failures="0" skipped="0" tests="16" time="9.315" timestamp="2026-09-22T15:21:24.519227+00:00" hostname="agent-env-b6f3528e-c7a6-4ccc-a7ca-51e71459427f"><testcase classname="tests.test_iteration18_member_gate.TestBooksGate" name="test_books_anon_all_locked" time="2.532" /><testcase classname="tests.test_iteration18_member_gate.TestMagazinesGate" name="test_magazines_anon" time="2.931" /><testcase classname="tests.test_iteration18_member_gate.TestBooksGate" name="test_books_authed_all_unlocked" time="1.386" /><testcase classname="tests.test_iteration18_member_gate.TestMagazinesGate" name="test_magazines_authed" time="2.871" /><testcase classname="tests.test_iteration18_member_gate.TestBooksGate" name="test_book_detail_anon" time="0.002" /><testcase classname="tests.test_iteration18_member_gate.TestBooksGate" name="test_book_detail_authed" time="0.044" /><testcase classname="tests.test_iteration18_member_gate.TestBooksGate" name="test_magazine_via_books_fallback_anon" time="0.043" /><testcase classname="tests.test_iteration18_member_gate.TestBooksGate" name="test_magazine_via_books_fallback_authed" time="0.046" /><testcase classname="tests.test_iteration18_member_gate.TestContentPdf" name="test_pdf_anon_returns_401" time="0.002" /><testcase classname="tests.test_iteration18_member_gate.TestContentPdf" name="test_pdf_authed_returns_pdf" time="0.621" /><testcase classname="tests.test_iteration18_member_gate.TestContentPdf" name="test_pdf_authed_unknown_id_404" time="0.004" /><testcase classname="tests.test_iteration18_member_gate.TestContentPdf" name="test_pdf_magazine_authed" time="0.061" /><testcase classname="tests.test_iteration18_member_gate.TestGuidesPublic" name="test_guides_anon_has_pdf_url_no_lock" time="0.967" /><testcase classname="tests.test_iteration18_member_gate.TestHomeFeedPublic" name="test_home_feed_anon_ok" time="3.105" /><testcase classname="tests.test_iteration18_member_gate.TestMagazinesGate" name="test_magazine_detail_anon" time="0.002" /><testcase classname="tests.test_iteration18_member_gate.TestMagazinesGate" name="test_magazine_detail_authed" time="0.044" /></testsuite></testsuites>