<?xml version="1.0" encoding="utf-8"?><testsuites name="pytest tests"><testsuite name="pytest" errors="0" failures="0" skipped="0" tests="28" time="17.415" timestamp="2026-08-20T12:04:54.503180+00:00" hostname="agent-env-b6f3528e-c7a6-4ccc-a7ca-51e71459427f"><testcase classname="tests.backend_test.TestBooksMagazinesVideos" name="test_books_list_returns_two_seed_books" time="1.437" /><testcase classname="tests.backend_test.TestBooksMagazinesVideos" name="test_get_book_by_slug_3d_retirement_income" time="0.060" /><testcase classname="tests.backend_test.TestBooksMagazinesVideos" name="test_get_book_by_slug_tax_saving_strategies" time="0.041" /><testcase classname="tests.backend_test.TestBooksMagazinesVideos" name="test_get_book_not_found_returns_404" time="0.043" /><testcase classname="tests.backend_test.TestBooksMagazinesVideos" name="test_magazines_returns_empty_list" time="5.607" /><testcase classname="tests.backend_test.TestBooksMagazinesVideos" name="test_videos_list_shape_and_type" time="5.875" /><testcase classname="tests.backend_test.TestAdminLeads" name="test_admin_leads_without_key_returns_401" time="0.929" /><testcase classname="tests.backend_test.TestAdminLeads" name="test_admin_leads_with_wrong_key_returns_401" time="0.099" /><testcase classname="tests.backend_test.TestAdminLeads" name="test_admin_leads_with_correct_key_returns_200_shape" time="0.124" /><testcase classname="tests.backend_test.TestAdminLeads" name="test_admin_leads_csv_without_key_returns_401" time="0.154" /><testcase classname="tests.backend_test.TestAdminLeads" name="test_admin_leads_csv_with_correct_key_returns_csv" time="0.163" /><testcase classname="tests.backend_test.TestAuthGuards" name="test_session_with_fake_id_returns_401" time="0.276" /><testcase classname="tests.backend_test.TestAuthGuards" name="test_me_without_auth_returns_401" time="0.108" /><testcase classname="tests.backend_test.TestAuthGuards" name="test_bookmarks_without_auth_returns_401" time="0.115" /><testcase classname="tests.backend_test.TestAuthGuards" name="test_bookmarks_with_bad_token_returns_401" time="0.102" /><testcase classname="tests.backend_test.TestModifiedField" name="test_single_post_15919_has_modified" time="0.217" /><testcase classname="tests.backend_test.TestModifiedField" name="test_home_feed_hero_and_latest_include_modified" time="0.150" /><testcase classname="tests.backend_test.TestModifiedField" name="test_search_medicare_returns_results" time="0.119" /><testcase classname="tests.backend_test.TestHealth" name="test_root_ok" time="0.046" /><testcase classname="tests.backend_test.TestCaching" name="test_home_feed_cached_is_faster" time="0.266" /><testcase classname="tests.backend_test.TestHtmlDecoding" name="test_titles_look_natural" time="0.130" /><testcase classname="tests.backend_test.TestWPLatestModified" name="test_latest_modified_returns_iso_and_id" time="0.093" /><testcase classname="tests.backend_test.TestWPProxy" name="test_categories_returns_populated_list" time="16.439" /><testcase classname="tests.backend_test.TestWPProxy" name="test_home_feed_shape" time="0.086" /><testcase classname="tests.backend_test.TestWPProxy" name="test_posts_list_per_page_and_html_stripped" time="0.096" /><testcase classname="tests.backend_test.TestWPProxy" name="test_posts_search_filters" time="0.120" /><testcase classname="tests.backend_test.TestWPProxy" name="test_single_post_has_content_and_image" time="0.096" /><testcase classname="tests.backend_test.TestWPProxy" name="test_posts_filter_by_category" time="0.094" /></testsuite></testsuites>