<?xml version="1.0" encoding="utf-8"?><testsuites name="pytest tests"><testsuite name="pytest" errors="0" failures="3" skipped="3" tests="33" time="80.151" timestamp="2026-08-20T12:25:09.326628+00:00" hostname="agent-env-b6f3528e-c7a6-4ccc-a7ca-51e71459427f"><testcase classname="tests.backend_test.TestHealth" name="test_root_ok" time="0.406" /><testcase classname="tests.backend_test.TestWPProxy" name="test_categories_returns_populated_list" time="49.892"><failure message="AssertionError: categories empty&#10;assert (True and 0 &gt; 0)&#10; +  where True = isinstance([], list)&#10; +  and   0 = len([])">E   AssertionError: categories empty
    assert (True and 0 &gt; 0)
     +  where True = isinstance([], list)
     +  and   0 = len([])</failure></testcase><testcase classname="tests.backend_test.TestWPProxy" name="test_home_feed_shape" time="1.315" /><testcase classname="tests.backend_test.TestWPProxy" name="test_posts_list_per_page_and_html_stripped" time="1.098" /><testcase classname="tests.backend_test.TestWPProxy" name="test_posts_search_filters" time="1.157" /><testcase classname="tests.backend_test.TestWPProxy" name="test_single_post_has_content_and_image" time="6.135"><failure message="AssertionError: Internal Server Error&#10;assert 500 == 200&#10; +  where 500 = &lt;Response [500]&gt;.status_code">E   AssertionError: Internal Server Error
    assert 500 == 200
     +  where 500 = &lt;Response [500]&gt;.status_code</failure></testcase><testcase classname="tests.backend_test.TestWPProxy" name="test_posts_filter_by_category" time="0.000"><skipped type="pytest.skip" message="no categories available to filter by">/app/backend/tests/backend_test.py:122: no categories available to filter by</skipped></testcase><testcase classname="tests.backend_test.TestCaching" name="test_home_feed_cached_is_faster" time="0.204" /><testcase classname="tests.backend_test.TestAuthGuards" name="test_session_with_fake_id_returns_401" time="0.292" /><testcase classname="tests.backend_test.TestAuthGuards" name="test_me_without_auth_returns_401" time="0.123" /><testcase classname="tests.backend_test.TestAuthGuards" name="test_bookmarks_without_auth_returns_401" time="0.206" /><testcase classname="tests.backend_test.TestAuthGuards" name="test_bookmarks_with_bad_token_returns_401" time="0.077" /><testcase classname="tests.backend_test.TestModifiedField" name="test_single_post_15919_has_modified" time="0.105" /><testcase classname="tests.backend_test.TestModifiedField" name="test_home_feed_hero_and_latest_include_modified" time="0.061" /><testcase classname="tests.backend_test.TestModifiedField" name="test_search_medicare_returns_results" time="1.110" /><testcase classname="tests.backend_test.TestHtmlDecoding" name="test_titles_look_natural" time="0.095" /><testcase classname="tests.backend_test.TestWPLatestModified" name="test_latest_modified_returns_iso_and_id" time="3.098" /><testcase classname="tests.backend_test.TestBooksMagazinesVideos" name="test_books_list_returns_two_seed_books" time="6.258" /><testcase classname="tests.backend_test.TestBooksMagazinesVideos" name="test_get_book_by_slug_3d_retirement_income" time="0.050" /><testcase classname="tests.backend_test.TestBooksMagazinesVideos" name="test_get_book_by_slug_tax_saving_strategies" time="0.049" /><testcase classname="tests.backend_test.TestBooksMagazinesVideos" name="test_get_book_not_found_returns_404" time="0.038" /><testcase classname="tests.backend_test.TestBooksMagazinesVideos" name="test_magazines_returns_empty_list" time="4.123" /><testcase classname="tests.backend_test.TestBooksMagazinesVideos" name="test_videos_list_shape_and_type" time="3.170" /><testcase classname="tests.backend_test.TestAdminLeads" name="test_admin_leads_without_key_returns_401" time="0.250" /><testcase classname="tests.backend_test.TestAdminLeads" name="test_admin_leads_with_wrong_key_returns_401" time="0.083" /><testcase classname="tests.backend_test.TestAdminLeads" name="test_admin_leads_with_correct_key_returns_200_shape" time="0.090" /><testcase classname="tests.backend_test.TestAdminLeads" name="test_admin_leads_csv_without_key_returns_401" time="0.090" /><testcase classname="tests.backend_test.TestAdminLeads" name="test_admin_leads_csv_with_correct_key_returns_csv" time="0.083" /><testcase classname="tests.backend_test.TestHomeFeedIter5" name="test_home_feed_has_all_iter5_keys" time="0.074" /><testcase classname="tests.backend_test.TestHomeFeedIter5" name="test_home_feed_cross_rail_dedupe" time="0.074" /><testcase classname="tests.backend_test.TestHomeFeedIter5" name="test_home_feed_tip_is_article_when_available" time="0.070"><skipped type="pytest.skip" message="no non-hero articles visible in latest[:10] to assert tip.type">/app/backend/tests/backend_test.py:447: no non-hero articles visible in latest[:10] to assert tip.type</skipped></testcase><testcase classname="tests.backend_test.TestHomeFeedIter5" name="test_home_feed_exclude_ids_removes_hero_and_shifts" time="0.139"><failure message="AssertionError: excluded id 15919 still present in: ['hero'] on second call&#10;assert not ['hero']">E   AssertionError: excluded id 15919 still present in: ['hero'] on second call
    assert not ['hero']</failure></testcase><testcase classname="tests.backend_test.TestHomeFeedIter5" name="test_home_feed_interest_cat_biases_recommended" time="0.000"><skipped type="pytest.skip" message="no categories available">/app/backend/tests/backend_test.py:482: no categories available</skipped></testcase></testsuite></testsuites>